[debug] [2023-03-03T00:23:59.197Z] ----------------------------------------------------------------------
[debug] [2023-03-03T00:23:59.200Z] Command:       C:\Program Files\nodejs\node.exe C:\Users\mahmo\AppData\Roaming\npm\node_modules\firebase-tools\lib\bin\firebase.js deploy
[debug] [2023-03-03T00:23:59.201Z] CLI Version:   11.24.0
[debug] [2023-03-03T00:23:59.201Z] Platform:      win32
[debug] [2023-03-03T00:23:59.201Z] Node Version:  v18.12.1
[debug] [2023-03-03T00:23:59.202Z] Time:          Fri Mar 03 2023 01:23:59 GMT+0100 (Central European Standard Time)
[debug] [2023-03-03T00:23:59.202Z] ----------------------------------------------------------------------
[debug] 
[debug] [2023-03-03T00:23:59.305Z] > command requires scopes: ["email","openid","https://www.googleapis.com/auth/cloudplatformprojects.readonly","https://www.googleapis.com/auth/firebase","https://www.googleapis.com/auth/cloud-platform"]
[debug] [2023-03-03T00:23:59.305Z] > authorizing via signed-in user (mahmodahmed2000@gmail.com)
[debug] [2023-03-03T00:23:59.306Z] [iam] checking project iraadi-project for permissions ["cloudfunctions.functions.create","cloudfunctions.functions.delete","cloudfunctions.functions.get","cloudfunctions.functions.list","cloudfunctions.functions.update","cloudfunctions.operations.get","firebase.projects.get","firebasehosting.sites.update"]
[debug] [2023-03-03T00:23:59.310Z] >>> [apiv2][query] POST https://cloudresourcemanager.googleapis.com/v1/projects/iraadi-project:testIamPermissions [none]
[debug] [2023-03-03T00:23:59.311Z] >>> [apiv2][(partial)header] POST https://cloudresourcemanager.googleapis.com/v1/projects/iraadi-project:testIamPermissions x-goog-quota-user=projects/iraadi-project
[debug] [2023-03-03T00:23:59.311Z] >>> [apiv2][body] POST https://cloudresourcemanager.googleapis.com/v1/projects/iraadi-project:testIamPermissions {"permissions":["cloudfunctions.functions.create","cloudfunctions.functions.delete","cloudfunctions.functions.get","cloudfunctions.functions.list","cloudfunctions.functions.update","cloudfunctions.operations.get","firebase.projects.get","firebasehosting.sites.update"]}
[debug] [2023-03-03T00:24:00.207Z] <<< [apiv2][status] POST https://cloudresourcemanager.googleapis.com/v1/projects/iraadi-project:testIamPermissions 200
[debug] [2023-03-03T00:24:00.208Z] <<< [apiv2][body] POST https://cloudresourcemanager.googleapis.com/v1/projects/iraadi-project:testIamPermissions {"permissions":["cloudfunctions.functions.create","cloudfunctions.functions.delete","cloudfunctions.functions.get","cloudfunctions.functions.list","cloudfunctions.functions.update","cloudfunctions.operations.get","firebase.projects.get","firebasehosting.sites.update"]}
[debug] [2023-03-03T00:24:00.209Z] >>> [apiv2][query] POST https://iam.googleapis.com/v1/projects/iraadi-project/serviceAccounts/iraadi-project@appspot.gserviceaccount.com:testIamPermissions [none]
[debug] [2023-03-03T00:24:00.209Z] >>> [apiv2][body] POST https://iam.googleapis.com/v1/projects/iraadi-project/serviceAccounts/iraadi-project@appspot.gserviceaccount.com:testIamPermissions {"permissions":["iam.serviceAccounts.actAs"]}
[debug] [2023-03-03T00:24:01.019Z] <<< [apiv2][status] POST https://iam.googleapis.com/v1/projects/iraadi-project/serviceAccounts/iraadi-project@appspot.gserviceaccount.com:testIamPermissions 200
[debug] [2023-03-03T00:24:01.019Z] <<< [apiv2][body] POST https://iam.googleapis.com/v1/projects/iraadi-project/serviceAccounts/iraadi-project@appspot.gserviceaccount.com:testIamPermissions {"permissions":["iam.serviceAccounts.actAs"]}
[debug] [2023-03-03T00:24:01.020Z] >>> [apiv2][query] GET https://firebase.googleapis.com/v1beta1/projects/iraadi-project [none]
[debug] [2023-03-03T00:24:01.326Z] <<< [apiv2][status] GET https://firebase.googleapis.com/v1beta1/projects/iraadi-project 200
[debug] [2023-03-03T00:24:01.326Z] <<< [apiv2][body] GET https://firebase.googleapis.com/v1beta1/projects/iraadi-project {"projectId":"iraadi-project","projectNumber":"759515924988","displayName":"Iraadi-Project","name":"projects/iraadi-project","resources":{"hostingSite":"iraadi-project"},"state":"ACTIVE","etag":"1_c6cdb0e3-7484-4407-b978-8e750f95041d"}
[info] 
[info] === Deploying to 'iraadi-project'...
[info] 
[info] i  deploying functions, hosting 
[debug] [2023-03-03T00:24:01.330Z] >>> [apiv2][query] GET https://firebase.googleapis.com/v1beta1/projects/iraadi-project [none]
[debug] [2023-03-03T00:24:01.626Z] <<< [apiv2][status] GET https://firebase.googleapis.com/v1beta1/projects/iraadi-project 200
[debug] [2023-03-03T00:24:01.627Z] <<< [apiv2][body] GET https://firebase.googleapis.com/v1beta1/projects/iraadi-project {"projectId":"iraadi-project","projectNumber":"759515924988","displayName":"Iraadi-Project","name":"projects/iraadi-project","resources":{"hostingSite":"iraadi-project"},"state":"ACTIVE","etag":"1_c6cdb0e3-7484-4407-b978-8e750f95041d"}
[info] i  functions: preparing codebase default for deployment 
[info] i  functions: ensuring required API cloudfunctions.googleapis.com is enabled... 
[info] i  functions: ensuring required API cloudbuild.googleapis.com is enabled... 
[info] i  artifactregistry: ensuring required API artifactregistry.googleapis.com is enabled... 
[debug] [2023-03-03T00:24:01.630Z] >>> [apiv2][query] GET https://serviceusage.googleapis.com/v1/projects/iraadi-project/services/cloudfunctions.googleapis.com [none]
[debug] [2023-03-03T00:24:01.630Z] >>> [apiv2][(partial)header] GET https://serviceusage.googleapis.com/v1/projects/iraadi-project/services/cloudfunctions.googleapis.com x-goog-quota-user=projects/iraadi-project
[debug] [2023-03-03T00:24:01.632Z] >>> [apiv2][query] GET https://serviceusage.googleapis.com/v1/projects/iraadi-project/services/runtimeconfig.googleapis.com [none]
[debug] [2023-03-03T00:24:01.632Z] >>> [apiv2][(partial)header] GET https://serviceusage.googleapis.com/v1/projects/iraadi-project/services/runtimeconfig.googleapis.com x-goog-quota-user=projects/iraadi-project
[debug] [2023-03-03T00:24:01.634Z] >>> [apiv2][query] GET https://serviceusage.googleapis.com/v1/projects/iraadi-project/services/cloudbuild.googleapis.com [none]
[debug] [2023-03-03T00:24:01.634Z] >>> [apiv2][(partial)header] GET https://serviceusage.googleapis.com/v1/projects/iraadi-project/services/cloudbuild.googleapis.com x-goog-quota-user=projects/iraadi-project
[debug] [2023-03-03T00:24:01.635Z] >>> [apiv2][query] GET https://serviceusage.googleapis.com/v1/projects/iraadi-project/services/artifactregistry.googleapis.com [none]
[debug] [2023-03-03T00:24:01.635Z] >>> [apiv2][(partial)header] GET https://serviceusage.googleapis.com/v1/projects/iraadi-project/services/artifactregistry.googleapis.com x-goog-quota-user=projects/iraadi-project
[debug] [2023-03-03T00:24:02.687Z] <<< [apiv2][status] GET https://serviceusage.googleapis.com/v1/projects/iraadi-project/services/artifactregistry.googleapis.com 200
[debug] [2023-03-03T00:24:02.688Z] <<< [apiv2][body] GET https://serviceusage.googleapis.com/v1/projects/iraadi-project/services/artifactregistry.googleapis.com [omitted]
[info] +  artifactregistry: required API artifactregistry.googleapis.com is enabled 
[debug] [2023-03-03T00:24:02.690Z] <<< [apiv2][status] GET https://serviceusage.googleapis.com/v1/projects/iraadi-project/services/runtimeconfig.googleapis.com 200
[debug] [2023-03-03T00:24:02.690Z] <<< [apiv2][body] GET https://serviceusage.googleapis.com/v1/projects/iraadi-project/services/runtimeconfig.googleapis.com [omitted]
[debug] [2023-03-03T00:24:02.693Z] <<< [apiv2][status] GET https://serviceusage.googleapis.com/v1/projects/iraadi-project/services/cloudfunctions.googleapis.com 200
[debug] [2023-03-03T00:24:02.693Z] <<< [apiv2][body] GET https://serviceusage.googleapis.com/v1/projects/iraadi-project/services/cloudfunctions.googleapis.com [omitted]
[info] +  functions: required API cloudfunctions.googleapis.com is enabled 
[debug] [2023-03-03T00:24:02.716Z] <<< [apiv2][status] GET https://serviceusage.googleapis.com/v1/projects/iraadi-project/services/cloudbuild.googleapis.com 200
[debug] [2023-03-03T00:24:02.717Z] <<< [apiv2][body] GET https://serviceusage.googleapis.com/v1/projects/iraadi-project/services/cloudbuild.googleapis.com [omitted]
[info] +  functions: required API cloudbuild.googleapis.com is enabled 
[debug] [2023-03-03T00:24:02.718Z] >>> [apiv2][query] GET https://firebase.googleapis.com/v1beta1/projects/iraadi-project/adminSdkConfig [none]
[debug] [2023-03-03T00:24:03.035Z] <<< [apiv2][status] GET https://firebase.googleapis.com/v1beta1/projects/iraadi-project/adminSdkConfig 200
[debug] [2023-03-03T00:24:03.035Z] <<< [apiv2][body] GET https://firebase.googleapis.com/v1beta1/projects/iraadi-project/adminSdkConfig {"projectId":"iraadi-project","storageBucket":"iraadi-project.appspot.com"}
[debug] [2023-03-03T00:24:03.036Z] >>> [apiv2][query] GET https://runtimeconfig.googleapis.com/v1beta1/projects/iraadi-project/configs [none]
[debug] [2023-03-03T00:24:03.393Z] <<< [apiv2][status] GET https://runtimeconfig.googleapis.com/v1beta1/projects/iraadi-project/configs 200
[debug] [2023-03-03T00:24:03.393Z] <<< [apiv2][body] GET https://runtimeconfig.googleapis.com/v1beta1/projects/iraadi-project/configs {}
[debug] [2023-03-03T00:24:03.395Z] Validating nodejs source
[debug] [2023-03-03T00:24:05.970Z] > [functions] package.json contents: {
  "name": "functions",
  "description": "Cloud Functions for Firebase",
  "scripts": {
    "lint": "eslint .",
    "serve": "firebase emulators:start --only functions",
    "shell": "firebase functions:shell",
    "start": "npm run shell",
    "deploy": "firebase deploy --only functions",
    "logs": "firebase functions:log"
  },
  "engines": {
    "node": "16"
  },
  "main": "index.js",
  "dependencies": {
    "firebase-admin": "^11.5.0",
    "firebase-functions": "^4.2.0"
  },
  "devDependencies": {
    "eslint": "^8.15.0",
    "eslint-config-google": "^0.14.0",
    "firebase-functions-test": "^3.0.0"
  },
  "private": true
}
[debug] [2023-03-03T00:24:05.971Z] Building nodejs source
[debug] [2023-03-03T00:24:05.972Z] Could not find functions.yaml. Must use http discovery
[debug] [2023-03-03T00:24:05.985Z] Found firebase-functions binary at 'D:\Iraadi-Project\client\functions\node_modules\.bin\firebase-functions'
[debug] [2023-03-03T00:24:06.336Z] Serving at port 8360

[debug] [2023-03-03T00:24:06.694Z] Got response from /__/functions.yaml {"endpoints":{},"specVersion":"v1alpha1","requiredAPIs":[]}
[debug] [2023-03-03T00:24:06.702Z] shutdown requested via /__/quitquitquit

[debug] [2023-03-03T00:24:06.720Z] >>> [apiv2][query] GET https://cloudfunctions.googleapis.com/v1/projects/iraadi-project/locations/-/functions [none]
[debug] [2023-03-03T00:24:07.491Z] <<< [apiv2][status] GET https://cloudfunctions.googleapis.com/v1/projects/iraadi-project/locations/-/functions 200
[debug] [2023-03-03T00:24:07.491Z] <<< [apiv2][body] GET https://cloudfunctions.googleapis.com/v1/projects/iraadi-project/locations/-/functions {}
[debug] [2023-03-03T00:24:07.492Z] >>> [apiv2][query] GET https://cloudfunctions.googleapis.com/v2/projects/iraadi-project/locations/-/functions filter=environment%3D%22GEN_2%22
[debug] [2023-03-03T00:24:08.661Z] <<< [apiv2][status] GET https://cloudfunctions.googleapis.com/v2/projects/iraadi-project/locations/-/functions 200
[debug] [2023-03-03T00:24:08.661Z] <<< [apiv2][body] GET https://cloudfunctions.googleapis.com/v2/projects/iraadi-project/locations/-/functions {}
[debug] [2023-03-03T00:24:08.673Z] >>> [apiv2][query] POST https://firebasehosting.googleapis.com/v1beta1/projects/-/sites/iraadi-project/versions [none]
[debug] [2023-03-03T00:24:08.673Z] >>> [apiv2][body] POST https://firebasehosting.googleapis.com/v1beta1/projects/-/sites/iraadi-project/versions {"status":"CREATED","labels":{"deployment-tool":"cli-firebase"}}
[debug] [2023-03-03T00:24:10.037Z] <<< [apiv2][status] POST https://firebasehosting.googleapis.com/v1beta1/projects/-/sites/iraadi-project/versions 200
[debug] [2023-03-03T00:24:10.037Z] <<< [apiv2][body] POST https://firebasehosting.googleapis.com/v1beta1/projects/-/sites/iraadi-project/versions {"name":"projects/759515924988/sites/iraadi-project/versions/af20f0e133faf15f","status":"CREATED","config":{},"labels":{"deployment-tool":"cli-firebase"}}
[info] i  hosting[iraadi-project]: beginning deploy... 
[info] i  hosting[iraadi-project]: found 6 files in public 
[debug] [2023-03-03T00:24:10.047Z] [hosting] uploading with 200 concurrency
[debug] [2023-03-03T00:24:10.055Z] [hosting] hash cache [cHVibGlj] stored for 6 files
[debug] [2023-03-03T00:24:10.055Z] [hosting][hash queue][FINAL] {"max":1,"min":0,"avg":0,"active":0,"complete":6,"success":6,"errored":0,"retried":0,"total":6,"elapsed":3}
[debug] [2023-03-03T00:24:10.056Z] >>> [apiv2][query] POST https://firebasehosting.googleapis.com/v1beta1/projects/759515924988/sites/iraadi-project/versions/af20f0e133faf15f:populateFiles [none]
[debug] [2023-03-03T00:24:10.056Z] >>> [apiv2][body] POST https://firebasehosting.googleapis.com/v1beta1/projects/759515924988/sites/iraadi-project/versions/af20f0e133faf15f:populateFiles {"files":{"/favicon.ico":"eae62e993eb980ec8a25058c39d5a51feab118bd2100c4deebb2a9c158ec11f9","/index.html":"54f407ce04d3ec53a438f2447391393880f949e0dc2040495cec711da35aec27","/logo192.png":"3ee59515172ee198f3be375979df15ac5345183e656720a381b8872b2a39dc8b","/logo512.png":"ee7e2f3fdb8209c4b6fd7bef6ba50d1b9dba30a25bb5c3126df057e1cb6f5331","/manifest.json":"aff3449bdc238776f5d6d967f19ec491b36aed5fb7f23ccff6500736fd58494a","/robots.txt":"bfe106a3fb878dc83461c86818bf74fc1bdc7f28538ba613cd3e775516ce8b49"}}
[debug] [2023-03-03T00:24:11.136Z] <<< [apiv2][status] POST https://firebasehosting.googleapis.com/v1beta1/projects/759515924988/sites/iraadi-project/versions/af20f0e133faf15f:populateFiles 200
[debug] [2023-03-03T00:24:11.136Z] <<< [apiv2][body] POST https://firebasehosting.googleapis.com/v1beta1/projects/759515924988/sites/iraadi-project/versions/af20f0e133faf15f:populateFiles {"uploadUrl":"https://upload-firebasehosting.googleapis.com/upload/sites/iraadi-project/versions/af20f0e133faf15f/files"}
[debug] [2023-03-03T00:24:11.136Z] [hosting][populate queue][FINAL] {"max":1083,"min":1083,"avg":1083,"active":0,"complete":1,"success":1,"errored":0,"retried":0,"total":1,"elapsed":1083}
[debug] [2023-03-03T00:24:11.136Z] [hosting] uploads queued: 0
[debug] [2023-03-03T00:24:11.137Z] [hosting][upload queue][FINAL] {"max":0,"min":9999999999,"avg":0,"active":0,"complete":0,"success":0,"errored":0,"retried":0,"total":0,"elapsed":1677803051137}
[info] +  hosting[iraadi-project]: file upload complete 
[debug] [2023-03-03T00:24:11.137Z] [hosting] deploy completed after 1098ms
[debug] [2023-03-03T00:24:11.147Z] Total Function Deployment time: 0
[debug] [2023-03-03T00:24:11.147Z] 0 Functions Deployed
[debug] [2023-03-03T00:24:11.147Z] 0 Functions Errored
[debug] [2023-03-03T00:24:11.147Z] 0 Function Deployments Aborted
[debug] [2023-03-03T00:24:11.147Z] Average Function Deployment time: NaN
[info] i  functions: cleaning up build files... 
[debug] [2023-03-03T00:24:11.230Z] [
  {
    "config": {
      "public": "public",
      "ignore": [
        "firebase.json",
        "**/.*",
        "**/node_modules/**"
      ],
      "rewrites": [
        {
          "source": "**",
          "destination": "/index.html"
        }
      ],
      "site": "iraadi-project"
    },
    "version": "projects/759515924988/sites/iraadi-project/versions/af20f0e133faf15f"
  }
]
[info] i  hosting[iraadi-project]: finalizing version... 
[debug] [2023-03-03T00:24:11.235Z] >>> [apiv2][query] PATCH https://firebasehosting.googleapis.com/v1beta1/projects/-/sites/iraadi-project/versions/af20f0e133faf15f updateMask=status%2Cconfig
[debug] [2023-03-03T00:24:11.235Z] >>> [apiv2][body] PATCH https://firebasehosting.googleapis.com/v1beta1/projects/-/sites/iraadi-project/versions/af20f0e133faf15f {"status":"FINALIZED","config":{"rewrites":[{"glob":"**","path":"/index.html"}]}}
